<?xml version="1.0" encoding="UTF-8"?>
<!-- Generated by org.testng.reporters.JUnitReportReporter -->
<testsuite hostname="DESKTOP-0FO2V6Q" failures="0" tests="1" name="testCases.TC001_AccRegistartionTest" time="5.450" errors="0" timestamp="2025-05-08T02:03:39 IST" skipped="0">
  <testcase classname="testCases.TC001_AccRegistartionTest" name="verify_accRegistration" time="5.450"/>
</testsuite> <!-- testCases.TC001_AccRegistartionTest -->
